<?xml version="1.0" encoding="UTF-8"?>
<!-- Generated by org.testng.reporters.JUnitReportReporter -->
<testsuite hostname="MacBook-Pro.local" failures="0" tests="2" name="com.example.tests.LoginTest" time="10.203" errors="0" timestamp="2025-10-01T18:06:51 PYT" skipped="0">
  <testcase classname="com.example.tests.LoginTest" name="loginInvalido" time="5.963"/>
  <testcase classname="com.example.tests.LoginTest" name="loginValido" time="4.240"/>
</testsuite> <!-- com.example.tests.LoginTest -->
